11/05/2021 15:10:35	This log contains information about the import schema operation into project 'Database2' on computer 'GB-NDGLAP9027' by user 'mshort'.
11/05/2021 15:10:35	Import of database schema has started.
11/05/2021 15:10:41	Gathering database credentials
11/05/2021 15:10:41	Gathering database options
11/05/2021 15:10:41	Gathering generic database scoped configuration option
11/05/2021 15:10:41	Gathering users
11/05/2021 15:10:41	Gathering roles
11/05/2021 15:10:41	Gathering application roles
11/05/2021 15:10:41	Gathering role memberships
11/05/2021 15:10:41	Gathering filegroups
11/05/2021 15:10:41	Gathering full-text catalogs
11/05/2021 15:10:41	Gathering assemblies
11/05/2021 15:10:41	Gathering certificates
11/05/2021 15:10:41	Gathering asymmetric keys
11/05/2021 15:10:41	Gathering symmetric keys
11/05/2021 15:10:41	Gathering encrypted symmetric keys
11/05/2021 15:10:41	Gathering schemas
11/05/2021 15:10:41	Gathering XML schema collections
11/05/2021 15:10:41	Gathering user-defined data types
11/05/2021 15:10:41	Gathering user-defined types
11/05/2021 15:10:41	Gathering table types
11/05/2021 15:10:41	Gathering unique keys for table types
11/05/2021 15:10:41	Gathering primary keys for table types
11/05/2021 15:10:41	Gathering indexes for table types
11/05/2021 15:10:41	Gathering check constraints for table types
11/05/2021 15:10:41	Gathering default constraints for table types
11/05/2021 15:10:41	Gathering partition functions
11/05/2021 15:10:41	Gathering partition schemes
11/05/2021 15:10:41	Gathering functions
11/05/2021 15:10:41	Gathering encrypted functions
11/05/2021 15:10:41	Gathering aggregates
11/05/2021 15:10:41	Gathering procedures
11/05/2021 15:10:41	Gathering encrypted procedures
11/05/2021 15:10:41	Gathering tables
11/05/2021 15:10:41	Gathering primary keys
11/05/2021 15:10:41	Gathering unique constraints
11/05/2021 15:10:41	Gathering foreign keys
11/05/2021 15:10:41	Gathering default constraints
11/05/2021 15:10:41	Gathering check constraints
11/05/2021 15:10:41	Gathering views
11/05/2021 15:10:41	Gathering encrypted views
11/05/2021 15:10:41	Gathering indexes
11/05/2021 15:10:41	Gathering statistics
11/05/2021 15:10:41	Gathering full-text index stoplists
11/05/2021 15:10:41	Gathering search property lists
11/05/2021 15:10:41	Gathering search properties
11/05/2021 15:10:41	Gathering full-text indexes
11/05/2021 15:10:41	Gathering column store indexes
11/05/2021 15:10:41	Gathering spatial indexes
11/05/2021 15:10:41	Gathering XML indexes
11/05/2021 15:10:41	Gathering Selective XML indexes
11/05/2021 15:10:41	Gathering encrypted triggers
11/05/2021 15:10:41	Gathering triggers
11/05/2021 15:10:41	Gathering encrypted and clr ddl triggers
11/05/2021 15:10:41	Gathering ddl triggers
11/05/2021 15:10:41	Creating edge constraints
11/05/2021 15:10:41	Gathering synonyms
11/05/2021 15:10:41	Gathering defaults
11/05/2021 15:10:41	Gathering data constraint uddt bindings
11/05/2021 15:10:41	Gathering rules
11/05/2021 15:10:41	Gathering data constraint uddt bindings
11/05/2021 15:10:41	Gathering message types
11/05/2021 15:10:41	Gathering queues
11/05/2021 15:10:41	Gathering contracts
11/05/2021 15:10:41	Gathering services
11/05/2021 15:10:41	Gathering event notifications
11/05/2021 15:10:41	Gathering remote service bindings
11/05/2021 15:10:41	Gathering broker priorities
11/05/2021 15:10:41	Gathering signatures
11/05/2021 15:10:41	Gathering data compression options
11/05/2021 15:10:41	Gathering sequence types
11/05/2021 15:10:41	Gathering security policies
11/05/2021 15:10:41	Gather column encryption keys
11/05/2021 15:10:41	Gathering column master keys
11/05/2021 15:10:41	Gathering external data sources
11/05/2021 15:10:41	Gathering external file formats
11/05/2021 15:10:41	Gathering external tables
11/05/2021 15:10:41	Gathering database permissions
11/05/2021 15:10:41	Gathering extended properties
11/05/2021 15:10:41	Gathering credentials
11/05/2021 15:10:41	Gathering logins
11/05/2021 15:10:41	Gathering server audits
11/05/2021 15:10:42	Scanning project for duplicate elements
11/05/2021 15:10:42	Finished duplicate element processing
11/05/2021 15:10:42	Finished importing database.
11/05/2021 15:10:42	A summary of the import was saved to the following location: C:\ald\Musicalog.Api\Database2\Import Schema Logs\Database2_20210511021035.log
11/05/2021 15:10:42	Click Finish to continue...
